<?xml version="1.0" encoding="UTF-8"?>
<testng-results ignored="0" total="1" passed="1" failed="0" skipped="0">
  <reporter-output>
  </reporter-output>
  <suite started-at="2021-05-13T15:38:37 IST" name="suite1" finished-at="2021-05-13T15:38:37 IST" duration-ms="47">
    <groups>
    </groups>
    <test started-at="2021-05-13T15:38:37 IST" name="grouptest" finished-at="2021-05-13T15:38:37 IST" duration-ms="47">
      <class name="com.tests.TestCase1">
        <test-method signature="demo()[pri:0, instance:com.tests.TestCase1@5ef60048]" started-at="2021-05-13T15:38:37 IST" name="demo" finished-at="2021-05-13T15:38:37 IST" duration-ms="15" status="PASS">
          <reporter-output>
          </reporter-output>
        </test-method> <!-- demo -->
      </class> <!-- com.tests.TestCase1 -->
    </test> <!-- grouptest -->
  </suite> <!-- suite1 -->
</testng-results>
